Build started 5/29/2016 5:43:06 PM.
     1>Project "C:\Users\win 10\Desktop\Q 2 part2\Q 1 part2\Q 1 part2.vcxproj" on node 2 (Build target(s)).
     1>ClCompile:
         C:\Program Files\Microsoft Visual Studio 11.0\VC\bin\CL.exe /c /ZI /nologo /W3 /WX- /Od /Oy- /D WIN32 /D _DEBUG /D _CONSOLE /D _UNICODE /D UNICODE /Gm /EHsc /RTC1 /MDd /GS /fp:precise /Zc:wchar_t /Zc:forScope /Fo"Debug\\" /Fd"Debug\vc110.pdb" /Gd /TP /analyze- /errorReport:prompt HashTable.cpp
         HashTable.cpp
     1>c:\users\win 10\desktop\q 2 part2\q 1 part2\hashtable.cpp(26): warning C4244: '=' : conversion from 'double' to 'int', possible loss of data
     1>c:\users\win 10\desktop\q 2 part2\q 1 part2\hashtable.cpp(34): warning C4018: '<' : signed/unsigned mismatch
     1>c:\users\win 10\desktop\q 2 part2\q 1 part2\hashtable.cpp(51): warning C4018: '<' : signed/unsigned mismatch
     1>c:\users\win 10\desktop\q 2 part2\q 1 part2\hashtable.cpp(53): warning C4244: '+=' : conversion from 'double' to 'int', possible loss of data
     1>c:\users\win 10\desktop\q 2 part2\q 1 part2\hashtable.cpp(76): warning C4258: 'i' : definition from the for loop is ignored; the definition from the enclosing scope is used
                 c:\users\win 10\desktop\q 2 part2\q 1 part2\hashtable.cpp(71) : definition of 'i' ignored
                 c:\users\win 10\desktop\q 2 part2\q 1 part2\hashtable.cpp(65) : definition of 'i' used
     1>c:\users\win 10\desktop\q 2 part2\q 1 part2\hashtable.cpp(101): warning C4244: '=' : conversion from 'double' to 'int', possible loss of data
     1>c:\users\win 10\desktop\q 2 part2\q 1 part2\hashtable.cpp(103): warning C4244: 'initializing' : conversion from 'double' to 'unsigned __int64', possible loss of data
     1>c:\users\win 10\desktop\q 2 part2\q 1 part2\hashtable.cpp(104): warning C4244: '=' : conversion from 'unsigned __int64' to 'int', possible loss of data
       Link:
         C:\Program Files\Microsoft Visual Studio 11.0\VC\bin\link.exe /ERRORREPORT:PROMPT /OUT:"C:\Users\win 10\Desktop\Q 2 part2\Q 1 part2\Debug\Q 1 part2.exe" /INCREMENTAL /NOLOGO kernel32.lib user32.lib gdi32.lib winspool.lib comdlg32.lib advapi32.lib shell32.lib ole32.lib oleaut32.lib uuid.lib odbc32.lib odbccp32.lib /MANIFEST /MANIFESTUAC:"level='asInvoker' uiAccess='false'" /manifest:embed /DEBUG /PDB:"C:\Users\win 10\Desktop\Q 2 part2\Q 1 part2\Debug\Q 1 part2.pdb" /SUBSYSTEM:CONSOLE /TLBID:1 /DYNAMICBASE /NXCOMPAT /IMPLIB:"C:\Users\win 10\Desktop\Q 2 part2\Q 1 part2\Debug\Q 1 part2.lib" /MACHINE:X86 Debug\CString.obj
         Debug\HashTable.obj
         Debug\LinkedList.obj
         Debug\driver.obj
         Q 1 part2.vcxproj -> C:\Users\win 10\Desktop\Q 2 part2\Q 1 part2\Debug\Q 1 part2.exe
     1>Done Building Project "C:\Users\win 10\Desktop\Q 2 part2\Q 1 part2\Q 1 part2.vcxproj" (Build target(s)).

Build succeeded.

Time Elapsed 00:00:01.66
