Build started 5/29/2016 1:21:23 AM.
     1>Project "C:\Users\win 10\Desktop\Q 1 part3\AOA Q1\AOA Q1.vcxproj" on node 2 (Build target(s)).
     1>ClCompile:
         C:\Program Files\Microsoft Visual Studio 11.0\VC\bin\CL.exe /c /ZI /nologo /W3 /WX- /Od /Oy- /D WIN32 /D _DEBUG /D _CONSOLE /D _UNICODE /D UNICODE /Gm /EHsc /RTC1 /MDd /GS /fp:precise /Zc:wchar_t /Zc:forScope /Fo"Debug\\" /Fd"Debug\vc110.pdb" /Gd /TP /analyze- /errorReport:prompt HashTable.cpp LinkedList.cpp driver.cpp Source.cpp Source1.cpp
         Source1.cpp
         Source.cpp
         driver.cpp
     1>c:\users\win 10\desktop\q 1 part3\aoa q1\driver.cpp(45): warning C4244: 'initializing' : conversion from 'time_t' to 'int', possible loss of data
         LinkedList.cpp
     1>c:\users\win 10\desktop\q 1 part3\aoa q1\linkedlist.cpp(29): warning C4244: 'return' : conversion from 'unsigned __int64' to 'int', possible loss of data
     1>c:\users\win 10\desktop\q 1 part3\aoa q1\linkedlist.cpp(166): warning C4244: 'return' : conversion from 'unsigned __int64' to 'int', possible loss of data
     1>c:\users\win 10\desktop\q 1 part3\aoa q1\linkedlist.cpp(168): warning C4244: 'return' : conversion from 'unsigned __int64' to 'int', possible loss of data
     1>c:\users\win 10\desktop\q 1 part3\aoa q1\linkedlist.cpp(171): warning C4244: 'initializing' : conversion from 'unsigned __int64' to 'int', possible loss of data
         HashTable.cpp
     1>c:\users\win 10\desktop\q 1 part3\aoa q1\hashtable.cpp(12): warning C4244: 'return' : conversion from 'double' to 'int', possible loss of data
     1>c:\users\win 10\desktop\q 1 part3\aoa q1\hashtable.cpp(23): warning C4244: '=' : conversion from 'double' to 'int', possible loss of data
     1>c:\users\win 10\desktop\q 1 part3\aoa q1\hashtable.cpp(40): warning C4244: 'argument' : conversion from 'unsigned __int64' to 'int', possible loss of data
     1>c:\users\win 10\desktop\q 1 part3\aoa q1\hashtable.cpp(47): warning C4244: 'argument' : conversion from 'unsigned __int64' to 'int', possible loss of data
     1>c:\users\win 10\desktop\q 1 part3\aoa q1\hashtable.cpp(60): warning C4244: 'argument' : conversion from 'unsigned __int64' to 'int', possible loss of data
     1>c:\users\win 10\desktop\q 1 part3\aoa q1\hashtable.cpp(74): warning C4244: '=' : conversion from 'double' to 'int', possible loss of data
     1>c:\users\win 10\desktop\q 1 part3\aoa q1\hashtable.cpp(76): warning C4244: 'initializing' : conversion from 'double' to 'unsigned __int64', possible loss of data
         Generating Code...
       Link:
         C:\Program Files\Microsoft Visual Studio 11.0\VC\bin\link.exe /ERRORREPORT:PROMPT /OUT:"C:\Users\win 10\Desktop\Q 1 part3\Debug\AOA Q1.exe" /INCREMENTAL /NOLOGO kernel32.lib user32.lib gdi32.lib winspool.lib comdlg32.lib advapi32.lib shell32.lib ole32.lib oleaut32.lib uuid.lib odbc32.lib odbccp32.lib /MANIFEST /MANIFESTUAC:"level='asInvoker' uiAccess='false'" /manifest:embed /DEBUG /PDB:"C:\Users\win 10\Desktop\Q 1 part3\Debug\AOA Q1.pdb" /SUBSYSTEM:CONSOLE /TLBID:1 /DYNAMICBASE /NXCOMPAT /IMPLIB:"C:\Users\win 10\Desktop\Q 1 part3\Debug\AOA Q1.lib" /MACHINE:X86 Debug\HashTable.obj
         Debug\LinkedList.obj
         Debug\driver.obj
         Debug\Source.obj
         Debug\Source1.obj
         AOA Q1.vcxproj -> C:\Users\win 10\Desktop\Q 1 part3\Debug\AOA Q1.exe
     1>Done Building Project "C:\Users\win 10\Desktop\Q 1 part3\AOA Q1\AOA Q1.vcxproj" (Build target(s)).

Build succeeded.

Time Elapsed 00:00:08.86
